\BOOKMARK [1][-]{section.1}{\376\377\000I\000n\000t\000r\000o\000d\000u\000c\000t\000i\000o\000n}{}% 1
\BOOKMARK [2][-]{subsection.1.1}{\376\377\000P\000r\000o\000b\000l\000e\000m\000\040\000S\000t\000a\000t\000e\000m\000e\000n\000t}{section.1}% 2
\BOOKMARK [2][-]{subsection.1.2}{\376\377\000L\000i\000t\000e\000r\000a\000t\000u\000r\000e\000\040\000R\000e\000v\000i\000e\000w}{section.1}% 3
\BOOKMARK [2][-]{subsection.1.3}{\376\377\000P\000r\000o\000j\000e\000c\000t\000\040\000P\000l\000a\000n}{section.1}% 4
\BOOKMARK [3][-]{subsubsection.1.3.1}{\376\377\000S\000c\000h\000e\000d\000u\000l\000e}{subsection.1.3}% 5
\BOOKMARK [3][-]{subsubsection.1.3.2}{\376\377\000R\000e\000s\000o\000u\000r\000c\000e\000s}{subsection.1.3}% 6
\BOOKMARK [2][-]{subsection.1.4}{\376\377\000S\000y\000s\000t\000e\000m\000\040\000C\000o\000n\000c\000e\000p\000t}{section.1}% 7
\BOOKMARK [3][-]{subsubsection.1.4.1}{\376\377\000F\000u\000n\000c\000t\000i\000o\000n\000a\000l\000\040\000R\000e\000q\000u\000i\000r\000e\000m\000e\000n\000t\000s}{subsection.1.4}% 8
\BOOKMARK [3][-]{subsubsection.1.4.2}{\376\377\000T\000e\000c\000h\000n\000i\000c\000a\000l\000\040\000R\000e\000q\000u\000i\000r\000e\000m\000e\000n\000t\000s}{subsection.1.4}% 9
\BOOKMARK [3][-]{subsubsection.1.4.3}{\376\377\000P\000r\000o\000j\000e\000c\000t\000\040\000R\000e\000q\000u\000i\000r\000e\000m\000e\000n\000t\000s}{subsection.1.4}% 10
\BOOKMARK [1][-]{section.2}{\376\377\000T\000h\000e\000o\000r\000e\000t\000i\000c\000a\000l\000\040\000B\000a\000c\000k\000g\000r\000o\000u\000n\000d}{}% 11
\BOOKMARK [2][-]{subsection.2.1}{\376\377\000C\000o\000m\000m\000u\000n\000i\000c\000a\000t\000i\000o\000n}{section.2}% 12
\BOOKMARK [3][-]{subsubsection.2.1.1}{\376\377\000L\000o\000R\000a}{subsection.2.1}% 13
\BOOKMARK [3][-]{subsubsection.2.1.2}{\376\377\000L\000o\000R\000a\000W\000A\000N}{subsection.2.1}% 14
\BOOKMARK [2][-]{subsection.2.2}{\376\377\000S\000e\000n\000s\000o\000r\000s}{section.2}% 15
\BOOKMARK [3][-]{subsubsection.2.2.1}{\376\377\000L\000o\000a\000d\000\040\000C\000e\000l\000l\000s}{subsection.2.2}% 16
\BOOKMARK [3][-]{subsubsection.2.2.2}{\376\377\000T\000i\000l\000t\000\040\000S\000w\000i\000t\000c\000h}{subsection.2.2}% 17
\BOOKMARK [3][-]{subsubsection.2.2.3}{\376\377\000L\000D\000R}{subsection.2.2}% 18
\BOOKMARK [1][-]{section.3}{\376\377\000M\000e\000t\000h\000o\000d\000o\000l\000o\000g\000y\000\040\000a\000n\000d\000\040\000D\000e\000s\000i\000g\000n}{}% 19
\BOOKMARK [2][-]{subsection.3.1}{\376\377\000D\000e\000s\000i\000g\000n\000\040\000A\000p\000p\000r\000o\000a\000c\000h}{section.3}% 20
\BOOKMARK [2][-]{subsection.3.2}{\376\377\000S\000y\000s\000t\000e\000m\000\040\000D\000e\000s\000i\000g\000n}{section.3}% 21
\BOOKMARK [3][-]{subsubsection.3.2.1}{\376\377\000S\000y\000s\000t\000e\000m\000\040\000A\000r\000c\000h\000i\000t\000e\000c\000t\000u\000r\000e}{subsection.3.2}% 22
\BOOKMARK [3][-]{subsubsection.3.2.2}{\376\377\000S\000e\000n\000s\000o\000r\000\040\000S\000e\000l\000e\000c\000t\000i\000o\000n}{subsection.3.2}% 23
\BOOKMARK [3][-]{subsubsection.3.2.3}{\376\377\000S\000c\000h\000e\000m\000a\000t\000i\000c\000\040\000D\000e\000s\000i\000g\000n}{subsection.3.2}% 24
\BOOKMARK [3][-]{subsubsection.3.2.4}{\376\377\0003\000D\000\040\000D\000e\000s\000i\000g\000n}{subsection.3.2}% 25
\BOOKMARK [3][-]{subsubsection.3.2.5}{\376\377\000B\000i\000l\000l\000\040\000o\000f\000\040\000M\000a\000t\000e\000r\000i\000a\000l\000s}{subsection.3.2}% 26
\BOOKMARK [2][-]{subsection.3.3}{\376\377\000V\000a\000l\000i\000d\000a\000t\000i\000o\000n\000\040\000M\000e\000t\000h\000o\000d}{section.3}% 27
\BOOKMARK [1][-]{section.4}{\376\377\000R\000e\000s\000u\000l\000t\000s\000\040\000a\000n\000d\000\040\000I\000m\000p\000l\000e\000m\000e\000n\000t\000a\000t\000i\000o\000n}{}% 28
\BOOKMARK [2][-]{subsection.4.1}{\376\377\000I\000m\000p\000l\000e\000m\000e\000n\000t\000a\000t\000i\000o\000n}{section.4}% 29
\BOOKMARK [3][-]{subsubsection.4.1.1}{\376\377\000P\000r\000o\000d\000u\000c\000t\000\040\000I\000m\000p\000l\000e\000m\000e\000n\000t\000a\000t\000i\000o\000n\000\040\000-\000\040\000H\000a\000r\000d\000w\000a\000r\000e\000\040\000L\000a\000y\000e\000r}{subsection.4.1}% 30
\BOOKMARK [3][-]{subsubsection.4.1.2}{\376\377\000P\000r\000o\000d\000u\000c\000t\000\040\000I\000m\000p\000l\000e\000m\000e\000n\000t\000a\000t\000i\000o\000n\000\040\000-\000\040\000E\000m\000b\000e\000d\000d\000e\000d\000\040\000S\000o\000f\000t\000w\000a\000r\000e\000\040\000L\000a\000y\000e\000r}{subsection.4.1}% 31
\BOOKMARK [3][-]{subsubsection.4.1.3}{\376\377\000B\000a\000c\000k\000e\000n\000d\000\040\000I\000m\000p\000l\000e\000m\000e\000n\000t\000a\000t\000i\000o\000n\000\040\000-\000\040\000A\000p\000p\000l\000i\000c\000a\000t\000i\000o\000n\000\040\000L\000a\000y\000e\000r}{subsection.4.1}% 32
\BOOKMARK [3][-]{subsubsection.4.1.4}{\376\377\000I\000s\000s\000u\000e\000s\000\040\000w\000i\000t\000h\000\040\000s\000t\000a\000t\000i\000c\000\040\000I\000P\000\040\000a\000n\000d\000\040\000h\000o\000s\000t\000i\000n\000g}{subsection.4.1}% 33
\BOOKMARK [2][-]{subsection.4.2}{\376\377\000V\000a\000l\000i\000d\000a\000t\000i\000o\000n\000\040\000R\000e\000s\000u\000l\000t\000s}{section.4}% 34
\BOOKMARK [1][-]{section.5}{\376\377\000D\000i\000s\000c\000u\000s\000s\000i\000o\000n}{}% 35
\BOOKMARK [2][-]{subsection.5.1}{\376\377\000P\000r\000o\000d\000u\000c\000t\000\040\000E\000v\000a\000l\000u\000a\000t\000i\000o\000n}{section.5}% 36
\BOOKMARK [1][-]{section.6}{\376\377\000C\000o\000n\000c\000l\000u\000s\000i\000o\000n}{}% 37
\BOOKMARK [2][-]{subsection.6.1}{\376\377\000P\000r\000o\000j\000e\000c\000t\000\040\000S\000u\000m\000m\000a\000r\000y}{section.6}% 38
\BOOKMARK [2][-]{subsection.6.2}{\376\377\000F\000u\000t\000u\000r\000e\000\040\000W\000o\000r\000k\000\040\000/\000\040\000I\000m\000p\000r\000o\000v\000e\000m\000e\000n\000t\000s}{section.6}% 39
\BOOKMARK [1][-]{subsection.6.2}{\376\377\000R\000e\000f\000e\000r\000e\000n\000c\000e\000s}{}% 40
